Using pre-set license
Built from '2022.1/staging' branch; Version is '2022.1.18f1 (8a091f9adba4) revision 9046303'; Using compiler version '192829333'; Build Type 'Release'
OS: 'Windows 10  (10.0.19044) 64bit Professional' Language: 'en' Physical Memory: 16316 MB
BatchMode: 1, IsHumanControllingUs: 0, StartBugReporterOnCrash: 0, Is64bit: 1, IsPro: 1

COMMAND LINE ARGUMENTS:
E:\Unity Games\VERS\2022.1.18f1\Editor\Unity.exe
-adb2
-batchMode
-noUpm
-name
AssetImportWorker4
-projectPath
E:/Github/Second/AI/VR-Interactive-GE/VR Interactive GE
-logFile
Logs/AssetImportWorker4.log
-srvPort
58846
Successfully changed project path to: E:/Github/Second/AI/VR-Interactive-GE/VR Interactive GE
E:/Github/Second/AI/VR-Interactive-GE/VR Interactive GE
[UnityMemory] Configuration Parameters - Can be set up in boot.config
    "memorysetup-bucket-allocator-granularity=16"
    "memorysetup-bucket-allocator-bucket-count=8"
    "memorysetup-bucket-allocator-block-size=33554432"
    "memorysetup-bucket-allocator-block-count=8"
    "memorysetup-main-allocator-block-size=16777216"
    "memorysetup-thread-allocator-block-size=16777216"
    "memorysetup-gfx-main-allocator-block-size=16777216"
    "memorysetup-gfx-thread-allocator-block-size=16777216"
    "memorysetup-cache-allocator-block-size=4194304"
    "memorysetup-typetree-allocator-block-size=2097152"
    "memorysetup-profiler-bucket-allocator-granularity=16"
    "memorysetup-profiler-bucket-allocator-bucket-count=8"
    "memorysetup-profiler-bucket-allocator-block-size=33554432"
    "memorysetup-profiler-bucket-allocator-block-count=8"
    "memorysetup-profiler-allocator-block-size=16777216"
    "memorysetup-profiler-editor-allocator-block-size=1048576"
    "memorysetup-temp-allocator-size-main=16777216"
    "memorysetup-job-temp-allocator-block-size=2097152"
    "memorysetup-job-temp-allocator-block-size-background=1048576"
    "memorysetup-job-temp-allocator-reduction-small-platforms=262144"
    "memorysetup-temp-allocator-size-background-worker=32768"
    "memorysetup-temp-allocator-size-job-worker=262144"
    "memorysetup-temp-allocator-size-preload-manager=33554432"
    "memorysetup-temp-allocator-size-nav-mesh-worker=65536"
    "memorysetup-temp-allocator-size-audio-worker=65536"
    "memorysetup-temp-allocator-size-cloud-worker=32768"
    "memorysetup-temp-allocator-size-gi-baking-worker=262144"
    "memorysetup-temp-allocator-size-gfx=262144"
Refreshing native plugins compatible for Editor in 321.68 ms, found 3 plugins.
Preloading 0 native plugins for Editor in 0.00 ms.
Initialize engine version: 2022.1.18f1 (8a091f9adba4)
[Subsystems] Discovering subsystems at path E:/Unity Games/VERS/2022.1.18f1/Editor/Data/Resources/UnitySubsystems
[Subsystems] Discovering subsystems at path E:/Github/Second/AI/VR-Interactive-GE/VR Interactive GE/Assets
GfxDevice: creating device client; threaded=0; jobified=0
Direct3D:
    Version:  Direct3D 11.0 [level 11.1]
    Renderer: NVIDIA GeForce GTX 1060 6GB (ID=0x1c03)
    Vendor:   NVIDIA
    VRAM:     6043 MB
    Driver:   31.0.15.2686
Initialize mono
Mono path[0] = 'E:/Unity Games/VERS/2022.1.18f1/Editor/Data/Managed'
Mono path[1] = 'E:/Unity Games/VERS/2022.1.18f1/Editor/Data/MonoBleedingEdge/lib/mono/unityjit-win32'
Mono config path = 'E:/Unity Games/VERS/2022.1.18f1/Editor/Data/MonoBleedingEdge/etc'
Using monoOptions --debugger-agent=transport=dt_socket,embedding=1,server=y,suspend=n,address=127.0.0.1:56252
Begin MonoManager ReloadAssembly
Registering precompiled unity dll's ...
Register platform support module: E:/Unity Games/VERS/2022.1.18f1/Editor/Data/PlaybackEngines/WindowsStandaloneSupport/UnityEditor.WindowsStandalone.Extensions.dll
Registered in 0.008638 seconds.
Native extension for WindowsStandalone target not found
Refreshing native plugins compatible for Editor in 185.97 ms, found 3 plugins.
Preloading 0 native plugins for Editor in 0.00 ms.
Mono: successfully reloaded assembly
- Completed reload, in  1.547 seconds
Domain Reload Profiling:
	ReloadAssembly (1550ms)
		BeginReloadAssembly (191ms)
			ExecutionOrderSort (0ms)
			DisableScriptedObjects (0ms)
			BackupInstance (0ms)
			ReleaseScriptingObjects (0ms)
			CreateAndSetChildDomain (1ms)
		EndReloadAssembly (1141ms)
			LoadAssemblies (190ms)
			RebuildTransferFunctionScriptingTraits (0ms)
			SetupTypeCache (263ms)
				TypeCache.Initialize (262ms)
					TypeCache.ScanAssembly (259ms)
				ResolveRequiredComponents (1ms)
			ReleaseScriptCaches (1ms)
			RebuildScriptCaches (82ms)
			SetupLoadedEditorAssemblies (648ms)
				LogAssemblyErrors (0ms)
				InitializePlatformSupportModulesInManaged (55ms)
				SetLoadedEditorAssemblies (22ms)
				RefreshPlugins (186ms)
				BeforeProcessingInitializeOnLoad (3ms)
				ProcessInitializeOnLoadAttributes (286ms)
				ProcessInitializeOnLoadMethodAttributes (94ms)
				AfterProcessingInitializeOnLoad (0ms)
				EditorAssembliesLoaded (1ms)
			ExecutionOrderSort2 (0ms)
			AwakeInstancesAfterBackupRestoration (0ms)
Platform modules already initialized, skipping
Registering precompiled user dll's ...
Registered in 0.022538 seconds.
Begin MonoManager ReloadAssembly
Symbol file LoadedFromMemory doesn't match image E:\Github\Second\AI\VR-Interactive-GE\VR Interactive GE\Library\PackageCache\com.unity.visualscripting@1.7.8\Editor\VisualScripting.Core\Dependencies\YamlDotNet\Unity.VisualScripting.YamlDotNet.dll
Symbol file LoadedFromMemory doesn't match image E:\Github\Second\AI\VR-Interactive-GE\VR Interactive GE\Library\PackageCache\com.unity.visualscripting@1.7.8\Editor\VisualScripting.Core\Dependencies\DotNetZip\Unity.VisualScripting.IonicZip.dll
Native extension for WindowsStandalone target not found
Refreshing native plugins compatible for Editor in 0.85 ms, found 3 plugins.
Preloading 0 native plugins for Editor in 0.00 ms.
Mono: successfully reloaded assembly
- Completed reload, in  2.218 seconds
Domain Reload Profiling:
	ReloadAssembly (2220ms)
		BeginReloadAssembly (310ms)
			ExecutionOrderSort (0ms)
			DisableScriptedObjects (25ms)
			BackupInstance (0ms)
			ReleaseScriptingObjects (0ms)
			CreateAndSetChildDomain (41ms)
		EndReloadAssembly (1628ms)
			LoadAssemblies (217ms)
			RebuildTransferFunctionScriptingTraits (0ms)
			SetupTypeCache (487ms)
				TypeCache.Initialize (477ms)
					TypeCache.ScanAssembly (470ms)
				ResolveRequiredComponents (10ms)
			ReleaseScriptCaches (1ms)
			RebuildScriptCaches (79ms)
			SetupLoadedEditorAssemblies (811ms)
				LogAssemblyErrors (0ms)
				InitializePlatformSupportModulesInManaged (5ms)
				SetLoadedEditorAssemblies (10ms)
				RefreshPlugins (1ms)
				BeforeProcessingInitializeOnLoad (103ms)
				ProcessInitializeOnLoadAttributes (635ms)
				ProcessInitializeOnLoadMethodAttributes (51ms)
				AfterProcessingInitializeOnLoad (6ms)
				EditorAssembliesLoaded (0ms)
			ExecutionOrderSort2 (0ms)
			AwakeInstancesAfterBackupRestoration (11ms)
Platform modules already initialized, skipping
========================================================================
Worker process is ready to serve import requests
Launched and connected shader compiler UnityShaderCompiler.exe after 0.11 seconds
Refreshing native plugins compatible for Editor in 4.27 ms, found 3 plugins.
Preloading 0 native plugins for Editor in 0.00 ms.
Unloading 3630 Unused Serialized files (Serialized files now loaded: 0)
Unloading 27 unused Assets / (58.7 KB). Loaded Objects now: 4090.
Memory consumption went from 0.55 GB to 0.55 GB.
Total: 7.142200 ms (FindLiveObjects: 0.497300 ms CreateObjectMapping: 0.469300 ms MarkObjects: 6.032100 ms  DeleteObjects: 0.142400 ms)

AssetImportParameters requested are different than current active one (requested -> active):
  custom:video-decoder-ogg-theora: a1e56fd34408186e4bbccfd4996cb3dc -> 
  custom:container-muxer-webm: aa71ff27fc2769a1b78a27578f13a17b -> 
  custom:container-demuxer-webm: 4f35f7cbe854078d1ac9338744f61a02 -> 
  custom:video-encoder-webm-vp8: eb34c28f22e8b96e1ab97ce403110664 -> 
  custom:audio-encoder-webm-vorbis: bf7c407c2cedff20999df2af8eb42d56 -> 
  custom:framework-win-MediaFoundation: 216162199b28c13a410421893ffa2e32 -> 
  custom:container-demuxer-ogg: 62fdf1f143b41e24485cea50d1cbac27 -> 
  custom:video-decoder-webm-vp8: 9c59270c3fd7afecdb556c50c9e8de78 -> 
  custom:audio-decoder-ogg-vorbis: bf7c407c2cedff20999df2af8eb42d56 -> 
========================================================================
Received Import Request.
  Time since last request: 21095.750489 seconds.
  path: Assets/SteamVR/InteractionSystem/Longbow/Sounds/ArrowLaunchFire08.wav
  artifactKey: Guid(a24f92749a872c94d993c87f9ad3a53e) Importer(2089858483,0ecaa5967403d082aa24f35e1b516d23)
Start importing Assets/SteamVR/InteractionSystem/Longbow/Sounds/ArrowLaunchFire08.wav using Guid(a24f92749a872c94d993c87f9ad3a53e) Importer(2089858483,0ecaa5967403d082aa24f35e1b516d23) Generated GUIDs only implemented for interfaces!
 -> (artifact id: '034b4a9e2acc5e4753791967b521b5aa') in 0.452201 seconds 
========================================================================
Received Import Request.
  Time since last request: 0.000032 seconds.
  path: Assets/SteamVR/InteractionSystem/Longbow/Sounds/ArrowLaunchFire09.wav
  artifactKey: Guid(95ced3c408cd93048b111626535a8b3f) Importer(2089858483,0ecaa5967403d082aa24f35e1b516d23)
Start importing Assets/SteamVR/InteractionSystem/Longbow/Sounds/ArrowLaunchFire09.wav using Guid(95ced3c408cd93048b111626535a8b3f) Importer(2089858483,0ecaa5967403d082aa24f35e1b516d23) Generated GUIDs only implemented for interfaces!
 -> (artifact id: 'a613a2c904854b417c35c28929887435') in 0.065930 seconds 
========================================================================
Received Import Request.
  Time since last request: 0.000037 seconds.
  path: Assets/SteamVR/InteractionSystem/Longbow/Sounds/ArrowIgnite01.wav
  artifactKey: Guid(e45d903a97eada14bbd5177c2da9703d) Importer(2089858483,0ecaa5967403d082aa24f35e1b516d23)
Start importing Assets/SteamVR/InteractionSystem/Longbow/Sounds/ArrowIgnite01.wav using Guid(e45d903a97eada14bbd5177c2da9703d) Importer(2089858483,0ecaa5967403d082aa24f35e1b516d23) Generated GUIDs only implemented for interfaces!
 -> (artifact id: 'd17322819518503596345e0fbe960652') in 0.125219 seconds 
========================================================================
Received Import Request.
  Time since last request: 0.000034 seconds.
  path: Assets/SteamVR/InteractionSystem/Longbow/Scripts/ArrowheadRotation.cs
  artifactKey: Guid(f195fe0cc42f49241a3c7521a19fa350) Importer(2089858483,0ecaa5967403d082aa24f35e1b516d23)
Start importing Assets/SteamVR/InteractionSystem/Longbow/Scripts/ArrowheadRotation.cs using Guid(f195fe0cc42f49241a3c7521a19fa350) Importer(2089858483,0ecaa5967403d082aa24f35e1b516d23) Generated GUIDs only implemented for interfaces!
 -> (artifact id: '158647545ce37b579685b5bcb45df7ba') in 0.024929 seconds 
========================================================================
Received Import Request.
  Time since last request: 0.000028 seconds.
  path: Assets/SteamVR/InteractionSystem/Longbow/Models/Longbow.fbx
  artifactKey: Guid(e694f124da5bfd84d97e67e8c2719420) Importer(2089858483,0ecaa5967403d082aa24f35e1b516d23)
Start importing Assets/SteamVR/InteractionSystem/Longbow/Models/Longbow.fbx using Guid(e694f124da5bfd84d97e67e8c2719420) Importer(2089858483,0ecaa5967403d082aa24f35e1b516d23) Generated GUIDs only implemented for interfaces!
 -> (artifact id: 'eb72278fd716a8b370e837ffda0adfb6') in 0.249958 seconds 
========================================================================
Received Import Request.
  Time since last request: 0.000045 seconds.
  path: Assets/SteamVR/InteractionSystem/Longbow/Sounds/ArrowRelease06.wav
  artifactKey: Guid(0e1c54b10ce72f640a29eecbfced2363) Importer(2089858483,0ecaa5967403d082aa24f35e1b516d23)
Start importing Assets/SteamVR/InteractionSystem/Longbow/Sounds/ArrowRelease06.wav using Guid(0e1c54b10ce72f640a29eecbfced2363) Importer(2089858483,0ecaa5967403d082aa24f35e1b516d23) Generated GUIDs only implemented for interfaces!
 -> (artifact id: 'b6c511a60e2242ede70adcaee8ce251d') in 0.069654 seconds 
========================================================================
Received Import Request.
  Time since last request: 0.000040 seconds.
  path: Assets/SteamVR/InteractionSystem/Longbow/Sounds/ArrowRelease01.wav
  artifactKey: Guid(5dea26c1298d78149af149b8bd73ff63) Importer(2089858483,0ecaa5967403d082aa24f35e1b516d23)
Start importing Assets/SteamVR/InteractionSystem/Longbow/Sounds/ArrowRelease01.wav using Guid(5dea26c1298d78149af149b8bd73ff63) Importer(2089858483,0ecaa5967403d082aa24f35e1b516d23) Generated GUIDs only implemented for interfaces!
 -> (artifact id: '7083f7b376a0771063dd355bc5d2fe88') in 0.054840 seconds 
========================================================================
Received Import Request.
  Time since last request: 0.000029 seconds.
  path: Assets/SteamVR/InteractionSystem/Longbow/Sounds/ArrowSpawn04.wav
  artifactKey: Guid(ca0f976ff76b04644a1332f3be4f344b) Importer(2089858483,0ecaa5967403d082aa24f35e1b516d23)
Start importing Assets/SteamVR/InteractionSystem/Longbow/Sounds/ArrowSpawn04.wav using Guid(ca0f976ff76b04644a1332f3be4f344b) Importer(2089858483,0ecaa5967403d082aa24f35e1b516d23) Generated GUIDs only implemented for interfaces!
 -> (artifact id: 'f360e295eca94507909850005377268a') in 0.076343 seconds 
========================================================================
Received Import Request.
  Time since last request: 0.000026 seconds.
  path: Assets/SteamVR/InteractionSystem/Longbow/Sounds/ArrowNock11.wav
  artifactKey: Guid(4fee3982c922af44babfca8a11dffaca) Importer(2089858483,0ecaa5967403d082aa24f35e1b516d23)
Start importing Assets/SteamVR/InteractionSystem/Longbow/Sounds/ArrowNock11.wav using Guid(4fee3982c922af44babfca8a11dffaca) Importer(2089858483,0ecaa5967403d082aa24f35e1b516d23) Generated GUIDs only implemented for interfaces!
 -> (artifact id: '4e0275f9539604d72b5c6d0afb3b570e') in 0.063085 seconds 
========================================================================
Received Import Request.
  Time since last request: 0.000029 seconds.
  path: Assets/SteamVR/InteractionSystem/Longbow/Sounds/ArrowSpawn03.wav
  artifactKey: Guid(4188a37a2f8da3b4084af4e3ee9b6a31) Importer(2089858483,0ecaa5967403d082aa24f35e1b516d23)
Start importing Assets/SteamVR/InteractionSystem/Longbow/Sounds/ArrowSpawn03.wav using Guid(4188a37a2f8da3b4084af4e3ee9b6a31) Importer(2089858483,0ecaa5967403d082aa24f35e1b516d23) Generated GUIDs only implemented for interfaces!
 -> (artifact id: '8c585523909c7f1e5664f355ca71bb83') in 0.082030 seconds 
========================================================================
Received Import Request.
  Time since last request: 0.000051 seconds.
  path: Assets/SteamVR/InteractionSystem/Longbow/Sounds/ArrowNock16.wav
  artifactKey: Guid(3bad6fb5cb07dd44b88e0e1857e222be) Importer(2089858483,0ecaa5967403d082aa24f35e1b516d23)
Start importing Assets/SteamVR/InteractionSystem/Longbow/Sounds/ArrowNock16.wav using Guid(3bad6fb5cb07dd44b88e0e1857e222be) Importer(2089858483,0ecaa5967403d082aa24f35e1b516d23) Generated GUIDs only implemented for interfaces!
 -> (artifact id: 'e0910f23160100a70c14ce9992a26c5e') in 0.063329 seconds 
========================================================================
Received Import Request.
  Time since last request: 0.000028 seconds.
  path: Assets/SteamVR/InteractionSystem/Longbow/Sounds/LongbowPullBack01.wav
  artifactKey: Guid(51747ad9fd4c5564e873dbae5171e257) Importer(2089858483,0ecaa5967403d082aa24f35e1b516d23)
Start importing Assets/SteamVR/InteractionSystem/Longbow/Sounds/LongbowPullBack01.wav using Guid(51747ad9fd4c5564e873dbae5171e257) Importer(2089858483,0ecaa5967403d082aa24f35e1b516d23) Generated GUIDs only implemented for interfaces!
 -> (artifact id: 'c86f86b9149893def85f81b7fa47bdcd') in 0.067894 seconds 
========================================================================
Received Import Request.
  Time since last request: 0.000036 seconds.
  path: Assets/SteamVR/InteractionSystem/Longbow/Sounds/BalloonPop05.wav
  artifactKey: Guid(747254780f5d81b40b16acac3b8f9585) Importer(2089858483,0ecaa5967403d082aa24f35e1b516d23)
Start importing Assets/SteamVR/InteractionSystem/Longbow/Sounds/BalloonPop05.wav using Guid(747254780f5d81b40b16acac3b8f9585) Importer(2089858483,0ecaa5967403d082aa24f35e1b516d23) Generated GUIDs only implemented for interfaces!
 -> (artifact id: '590fb34d7a318b644db21027d3d8237c') in 0.118484 seconds 
========================================================================
Received Import Request.
  Time since last request: 0.000027 seconds.
  path: Assets/SteamVR/InteractionSystem/Longbow/Sounds/BalloonRubber02.wav
  artifactKey: Guid(7916cbf0a83b8494f960b9e88aa45a90) Importer(2089858483,0ecaa5967403d082aa24f35e1b516d23)
Start importing Assets/SteamVR/InteractionSystem/Longbow/Sounds/BalloonRubber02.wav using Guid(7916cbf0a83b8494f960b9e88aa45a90) Importer(2089858483,0ecaa5967403d082aa24f35e1b516d23) Generated GUIDs only implemented for interfaces!
 -> (artifact id: 'e33035544acf0cb14a859cd3ba9d2ca8') in 0.055300 seconds 
========================================================================
Received Import Request.
  Time since last request: 0.000045 seconds.
  path: Assets/SteamVR/InteractionSystem/Longbow/Sounds/BalloonPop01.wav
  artifactKey: Guid(fdcbdcd5e7d71594bb123666b2bcb779) Importer(2089858483,0ecaa5967403d082aa24f35e1b516d23)
Start importing Assets/SteamVR/InteractionSystem/Longbow/Sounds/BalloonPop01.wav using Guid(fdcbdcd5e7d71594bb123666b2bcb779) Importer(2089858483,0ecaa5967403d082aa24f35e1b516d23) Generated GUIDs only implemented for interfaces!
 -> (artifact id: '2d4e6433b60c84a30ed542c96963b5bc') in 0.057017 seconds 
========================================================================
Received Import Request.
  Time since last request: 0.000025 seconds.
  path: Assets/SteamVR/InteractionSystem/Longbow/Sounds/ArrowSpawn07.wav
  artifactKey: Guid(ebf848d63ce32d047a0acbc338e35371) Importer(2089858483,0ecaa5967403d082aa24f35e1b516d23)
Start importing Assets/SteamVR/InteractionSystem/Longbow/Sounds/ArrowSpawn07.wav using Guid(ebf848d63ce32d047a0acbc338e35371) Importer(2089858483,0ecaa5967403d082aa24f35e1b516d23) Generated GUIDs only implemented for interfaces!
 -> (artifact id: '3b6db1ecde65efedc3de7e4a5aeab053') in 0.051516 seconds 
========================================================================
Received Import Request.
  Time since last request: 0.000024 seconds.
  path: Assets/SteamVR/InteractionSystem/Longbow/Prefabs/FireSmall.prefab
  artifactKey: Guid(9471d2206e57ca246a4bf982f3c29c8f) Importer(2089858483,0ecaa5967403d082aa24f35e1b516d23)
Start importing Assets/SteamVR/InteractionSystem/Longbow/Prefabs/FireSmall.prefab using Guid(9471d2206e57ca246a4bf982f3c29c8f) Importer(2089858483,0ecaa5967403d082aa24f35e1b516d23) Generated GUIDs only implemented for interfaces!
 -> (artifact id: '94b1baabb6d1fdd51cd6e20078b926dc') in 0.142532 seconds 
========================================================================
Received Import Request.
  Time since last request: 0.000029 seconds.
  path: Assets/SteamVR/InteractionSystem/Longbow/Sounds/TorchFireLoop03.wav
  artifactKey: Guid(a58fa4585fefc5043a66e30d7b6b9e70) Importer(2089858483,0ecaa5967403d082aa24f35e1b516d23)
Start importing Assets/SteamVR/InteractionSystem/Longbow/Sounds/TorchFireLoop03.wav using Guid(a58fa4585fefc5043a66e30d7b6b9e70) Importer(2089858483,0ecaa5967403d082aa24f35e1b516d23) Generated GUIDs only implemented for interfaces!
 -> (artifact id: '4d0860554f5419ed380cfbd3de6965ba') in 0.045570 seconds 
========================================================================
Received Import Request.
  Time since last request: 0.000029 seconds.
  path: Assets/SteamVR/InteractionSystem/Longbow/Sounds/TorchFireLoop04.wav
  artifactKey: Guid(2c93df0cf367b8941a8c03c309134408) Importer(2089858483,0ecaa5967403d082aa24f35e1b516d23)
Start importing Assets/SteamVR/InteractionSystem/Longbow/Sounds/TorchFireLoop04.wav using Guid(2c93df0cf367b8941a8c03c309134408) Importer(2089858483,0ecaa5967403d082aa24f35e1b516d23) Generated GUIDs only implemented for interfaces!
 -> (artifact id: 'fa76b071b91af73ee883cef3650c6aee') in 0.055427 seconds 
========================================================================
Received Import Request.
  Time since last request: 0.000025 seconds.
  path: Assets/SteamVR/InteractionSystem/Longbow/Sounds/LongbowPullBack16.wav
  artifactKey: Guid(4d23d5e2668be9f4b893c46b3802077f) Importer(2089858483,0ecaa5967403d082aa24f35e1b516d23)
Start importing Assets/SteamVR/InteractionSystem/Longbow/Sounds/LongbowPullBack16.wav using Guid(4d23d5e2668be9f4b893c46b3802077f) Importer(2089858483,0ecaa5967403d082aa24f35e1b516d23) Generated GUIDs only implemented for interfaces!
 -> (artifact id: '0176a21185d2c7e0c5e0b4bb12302cf8') in 0.129119 seconds 
========================================================================
Received Import Request.
  Time since last request: 0.000044 seconds.
  path: Assets/SteamVR/InteractionSystem/Longbow/Textures/ArcheryWeebleTarget.png
  artifactKey: Guid(b0b65ac2add33d04b9c6485a060c240a) Importer(2089858483,0ecaa5967403d082aa24f35e1b516d23)
Start importing Assets/SteamVR/InteractionSystem/Longbow/Textures/ArcheryWeebleTarget.png using Guid(b0b65ac2add33d04b9c6485a060c240a) Importer(2089858483,0ecaa5967403d082aa24f35e1b516d23) Generated GUIDs only implemented for interfaces!
 -> (artifact id: '0cbea254952bc588501f47b6a42344c6') in 0.093791 seconds 
========================================================================
Received Import Request.
  Time since last request: 0.000033 seconds.
  path: Assets/SteamVR/InteractionSystem/Longbow/Textures/ArrowAmbientOcclusion.png
  artifactKey: Guid(27df4f73a506cc94d99cc2e0c71966a6) Importer(2089858483,0ecaa5967403d082aa24f35e1b516d23)
Start importing Assets/SteamVR/InteractionSystem/Longbow/Textures/ArrowAmbientOcclusion.png using Guid(27df4f73a506cc94d99cc2e0c71966a6) Importer(2089858483,0ecaa5967403d082aa24f35e1b516d23) Generated GUIDs only implemented for interfaces!
 -> (artifact id: '29825dcfd7bc4c4471f897589ef7a2f5') in 0.053029 seconds 
========================================================================
Received Import Request.
  Time since last request: 0.000042 seconds.
  path: Assets/SteamVR/InteractionSystem/Longbow/Textures/Longbow.png
  artifactKey: Guid(9d88069c3ec0f1149b35980735852c65) Importer(2089858483,0ecaa5967403d082aa24f35e1b516d23)
Start importing Assets/SteamVR/InteractionSystem/Longbow/Textures/Longbow.png using Guid(9d88069c3ec0f1149b35980735852c65) Importer(2089858483,0ecaa5967403d082aa24f35e1b516d23) Generated GUIDs only implemented for interfaces!
 -> (artifact id: '51bba40e6306882b289dc9888be54062') in 0.065255 seconds 
========================================================================
Received Import Request.
  Time since last request: 0.000037 seconds.
  path: Assets/SteamVR/InteractionSystem/Samples/Grenade/Grenade.cs
  artifactKey: Guid(013214146096fa74898db952aa9b2da2) Importer(2089858483,0ecaa5967403d082aa24f35e1b516d23)
Start importing Assets/SteamVR/InteractionSystem/Samples/Grenade/Grenade.cs using Guid(013214146096fa74898db952aa9b2da2) Importer(2089858483,0ecaa5967403d082aa24f35e1b516d23) Generated GUIDs only implemented for interfaces!
 -> (artifact id: 'd73700496cbd76c2dc1843f198c9c8d6') in 0.013167 seconds 
========================================================================
Received Import Request.
  Time since last request: 0.000033 seconds.
  path: Assets/SteamVR/InteractionSystem/Samples/BuggyBuddy/BuggyController.cs
  artifactKey: Guid(835b6b0bed899be43a580366974d84eb) Importer(2089858483,0ecaa5967403d082aa24f35e1b516d23)
Start importing Assets/SteamVR/InteractionSystem/Samples/BuggyBuddy/BuggyController.cs using Guid(835b6b0bed899be43a580366974d84eb) Importer(2089858483,0ecaa5967403d082aa24f35e1b516d23) Generated GUIDs only implemented for interfaces!
 -> (artifact id: 'a9dc63123774ace182cbc76aa217a3c0') in 0.016334 seconds 
========================================================================
Received Import Request.
  Time since last request: 0.000066 seconds.
  path: Assets/SteamVR/InteractionSystem/Samples/BuggyBuddy/Lightcone.fbx
  artifactKey: Guid(43c6bdf072a75974186a41645b0aaca5) Importer(2089858483,0ecaa5967403d082aa24f35e1b516d23)
Start importing Assets/SteamVR/InteractionSystem/Samples/BuggyBuddy/Lightcone.fbx using Guid(43c6bdf072a75974186a41645b0aaca5) Importer(2089858483,0ecaa5967403d082aa24f35e1b516d23) Generated GUIDs only implemented for interfaces!
 -> (artifact id: 'b8e5505e89fb060019032f6a13dd6332') in 0.034197 seconds 
========================================================================
Received Import Request.
  Time since last request: 0.000022 seconds.
  path: Assets/SteamVR/InteractionSystem/Samples/Grenade/Nade_Nade_AlbedoTransparency.png
  artifactKey: Guid(7ced61033fda20e499754959d900951f) Importer(2089858483,0ecaa5967403d082aa24f35e1b516d23)
Start importing Assets/SteamVR/InteractionSystem/Samples/Grenade/Nade_Nade_AlbedoTransparency.png using Guid(7ced61033fda20e499754959d900951f) Importer(2089858483,0ecaa5967403d082aa24f35e1b516d23) Generated GUIDs only implemented for interfaces!
 -> (artifact id: '395f575325f3219b96d5b7869b53a4f3') in 0.032681 seconds 
========================================================================
Received Import Request.
  Time since last request: 0.000025 seconds.
  path: Assets/SteamVR/InteractionSystem/Samples/Animations/BallAnimation.anim
  artifactKey: Guid(40c8cba0bc8712e4ead8747ee58dd141) Importer(2089858483,0ecaa5967403d082aa24f35e1b516d23)
Start importing Assets/SteamVR/InteractionSystem/Samples/Animations/BallAnimation.anim using Guid(40c8cba0bc8712e4ead8747ee58dd141) Importer(2089858483,0ecaa5967403d082aa24f35e1b516d23) Generated GUIDs only implemented for interfaces!
 -> (artifact id: '35d7db375c7d86eb564f71a8dbd4355a') in 0.024631 seconds 
========================================================================
Received Import Request.
  Time since last request: 0.000042 seconds.
  path: Assets/SteamVR/InteractionSystem/Samples/BuggyBuddy/BuggyBuddy.cs
  artifactKey: Guid(68cfc2d5837cbbb4fadf8b044ca88bb1) Importer(2089858483,0ecaa5967403d082aa24f35e1b516d23)
Start importing Assets/SteamVR/InteractionSystem/Samples/BuggyBuddy/BuggyBuddy.cs using Guid(68cfc2d5837cbbb4fadf8b044ca88bb1) Importer(2089858483,0ecaa5967403d082aa24f35e1b516d23) Generated GUIDs only implemented for interfaces!
 -> (artifact id: '7d345c54cd51da0c76f1e1d237fa011d') in 0.016964 seconds 
========================================================================
Received Import Request.
  Time since last request: 0.000029 seconds.
  path: Assets/SteamVR/InteractionSystem/Samples/Grenade/Grenade.mat
  artifactKey: Guid(7156e712e2c3e7944a1ccdaf56734abb) Importer(2089858483,0ecaa5967403d082aa24f35e1b516d23)
Start importing Assets/SteamVR/InteractionSystem/Samples/Grenade/Grenade.mat using Guid(7156e712e2c3e7944a1ccdaf56734abb) Importer(2089858483,0ecaa5967403d082aa24f35e1b516d23) Generated GUIDs only implemented for interfaces!
 -> (artifact id: 'a0555efdf66dbe997deccd1eecde32a3') in 0.057508 seconds 
========================================================================
Received Import Request.
  Time since last request: 0.000023 seconds.
  path: Assets/SteamVR/InteractionSystem/Core/Materials/FallbackHandIndicator.mat
  artifactKey: Guid(9e995e61de69d8647ae2b2d65eceab3f) Importer(2089858483,0ecaa5967403d082aa24f35e1b516d23)
Start importing Assets/SteamVR/InteractionSystem/Core/Materials/FallbackHandIndicator.mat using Guid(9e995e61de69d8647ae2b2d65eceab3f) Importer(2089858483,0ecaa5967403d082aa24f35e1b516d23) Generated GUIDs only implemented for interfaces!
 -> (artifact id: 'aaf31f88b0abbb8a3c6cbfb33366a48f') in 0.016442 seconds 
========================================================================
Received Import Request.
  Time since last request: 0.000027 seconds.
  path: Assets/SteamVR/Models/Materials/AlienHand_AlbedoTransparency.png
  artifactKey: Guid(c7d922ead57c2c34ea7da4ad4c05bd61) Importer(2089858483,0ecaa5967403d082aa24f35e1b516d23)
Start importing Assets/SteamVR/Models/Materials/AlienHand_AlbedoTransparency.png using Guid(c7d922ead57c2c34ea7da4ad4c05bd61) Importer(2089858483,0ecaa5967403d082aa24f35e1b516d23) Generated GUIDs only implemented for interfaces!
 -> (artifact id: '5331f9c3c5aa89c4e97e113d621e8aa3') in 0.024697 seconds 
========================================================================
Received Import Request.
  Time since last request: 0.000023 seconds.
  path: Assets/SteamVR/InteractionSystem/Longbow/Sounds/ArrowNock12.wav
  artifactKey: Guid(dfd9b0fa043e3fc43821c159432a045c) Importer(2089858483,0ecaa5967403d082aa24f35e1b516d23)
Start importing Assets/SteamVR/InteractionSystem/Longbow/Sounds/ArrowNock12.wav using Guid(dfd9b0fa043e3fc43821c159432a045c) Importer(2089858483,0ecaa5967403d082aa24f35e1b516d23) Generated GUIDs only implemented for interfaces!
 -> (artifact id: '46f7b14cc9eb6d98998acac7e667b3a7') in 0.050637 seconds 
========================================================================
Received Import Request.
  Time since last request: 0.000046 seconds.
  path: Assets/SteamVR/InteractionSystem/Longbow/Sounds/LongbowPullBack03.wav
  artifactKey: Guid(1958d9dc4683f204793b607c688da2d7) Importer(2089858483,0ecaa5967403d082aa24f35e1b516d23)
Start importing Assets/SteamVR/InteractionSystem/Longbow/Sounds/LongbowPullBack03.wav using Guid(1958d9dc4683f204793b607c688da2d7) Importer(2089858483,0ecaa5967403d082aa24f35e1b516d23) Generated GUIDs only implemented for interfaces!
 -> (artifact id: '7d9c5fd5bc5f7c1c18021551c00a9481') in 0.068794 seconds 
========================================================================
Received Import Request.
  Time since last request: 0.000027 seconds.
  path: Assets/SteamVR/InteractionSystem/Samples/Materials/ShinyWhiteHighlightedHand.mat
  artifactKey: Guid(01e070cb2f8dde54b88866d7a3896d64) Importer(2089858483,0ecaa5967403d082aa24f35e1b516d23)
Start importing Assets/SteamVR/InteractionSystem/Samples/Materials/ShinyWhiteHighlightedHand.mat using Guid(01e070cb2f8dde54b88866d7a3896d64) Importer(2089858483,0ecaa5967403d082aa24f35e1b516d23) Generated GUIDs only implemented for interfaces!
 -> (artifact id: '9750c385f1b6b43b945dc001719f31f6') in 0.114872 seconds 
========================================================================
Received Import Request.
  Time since last request: 0.000030 seconds.
  path: Assets/SteamVR/InteractionSystem/Samples/Materials/URPflowerMatOp.mat
  artifactKey: Guid(ac9d55e9d2534df40a84030248c00fb0) Importer(2089858483,0ecaa5967403d082aa24f35e1b516d23)
Start importing Assets/SteamVR/InteractionSystem/Samples/Materials/URPflowerMatOp.mat using Guid(ac9d55e9d2534df40a84030248c00fb0) Importer(2089858483,0ecaa5967403d082aa24f35e1b516d23) Generated GUIDs only implemented for interfaces!
 -> (artifact id: '428be9045f7aafdf25b314ef1facebaa') in 0.024677 seconds 
========================================================================
Received Import Request.
  Time since last request: 0.000064 seconds.
  path: Assets/SteamVR/InteractionSystem/Samples/Materials/ShinyWhiteHighlightedObject.mat
  artifactKey: Guid(fd5c04cbf78ad9d4691c1055c7ce7e2c) Importer(2089858483,0ecaa5967403d082aa24f35e1b516d23)
Start importing Assets/SteamVR/InteractionSystem/Samples/Materials/ShinyWhiteHighlightedObject.mat using Guid(fd5c04cbf78ad9d4691c1055c7ce7e2c) Importer(2089858483,0ecaa5967403d082aa24f35e1b516d23) Generated GUIDs only implemented for interfaces!
 -> (artifact id: '10a253592e182b885a14f6d552029754') in 0.041818 seconds 
========================================================================
Received Import Request.
  Time since last request: 0.000024 seconds.
  path: Assets/SteamVR/InteractionSystem/Samples/JoeJeff/JoeJeffGestures.cs
  artifactKey: Guid(4614a07f51836eb48bfe11b75633be31) Importer(2089858483,0ecaa5967403d082aa24f35e1b516d23)
Start importing Assets/SteamVR/InteractionSystem/Samples/JoeJeff/JoeJeffGestures.cs using Guid(4614a07f51836eb48bfe11b75633be31) Importer(2089858483,0ecaa5967403d082aa24f35e1b516d23) Generated GUIDs only implemented for interfaces!
 -> (artifact id: 'e45bfd85fe7ea127f9e378d56afbdacc') in 0.493986 seconds 
========================================================================
Received Import Request.
  Time since last request: 0.000030 seconds.
  path: Assets/SteamVR/InteractionSystem/Samples/Prefabs/Buggy Controller.prefab
  artifactKey: Guid(d9803cc69067105488f4a78449f2aeec) Importer(2089858483,0ecaa5967403d082aa24f35e1b516d23)
Start importing Assets/SteamVR/InteractionSystem/Samples/Prefabs/Buggy Controller.prefab using Guid(d9803cc69067105488f4a78449f2aeec) Importer(2089858483,0ecaa5967403d082aa24f35e1b516d23) Generated GUIDs only implemented for interfaces!
 -> (artifact id: '3a6f0a1863f87f9dcdec10cce2d37b79') in 0.098534 seconds 
========================================================================
Received Import Request.
  Time since last request: 0.000066 seconds.
  path: Assets/SteamVR/InteractionSystem/Samples/Materials/ShinyWhiteHand.mat
  artifactKey: Guid(5ebf65e069a3d3f4bbb68b42e5c4840e) Importer(2089858483,0ecaa5967403d082aa24f35e1b516d23)
Start importing Assets/SteamVR/InteractionSystem/Samples/Materials/ShinyWhiteHand.mat using Guid(5ebf65e069a3d3f4bbb68b42e5c4840e) Importer(2089858483,0ecaa5967403d082aa24f35e1b516d23) Generated GUIDs only implemented for interfaces!
 -> (artifact id: '3e767cc14cf9e2b48032a6335b47d205') in 0.024157 seconds 
========================================================================
Received Import Request.
  Time since last request: 0.000029 seconds.
  path: Assets/SteamVR/InteractionSystem/Samples/Models/Flower.FBX
  artifactKey: Guid(a3871f8445d0e6c42a079739574edb38) Importer(2089858483,0ecaa5967403d082aa24f35e1b516d23)
Start importing Assets/SteamVR/InteractionSystem/Samples/Models/Flower.FBX using Guid(a3871f8445d0e6c42a079739574edb38) Importer(2089858483,0ecaa5967403d082aa24f35e1b516d23) Generated GUIDs only implemented for interfaces!
 -> (artifact id: '3a3eaba5c1bf12021931800b898f0b33') in 0.047298 seconds 
========================================================================
Received Import Request.
  Time since last request: 0.000041 seconds.
  path: Assets/SteamVR/InteractionSystem/Samples/JoeJeff/ProceduralHats.cs
  artifactKey: Guid(d8c45beb4f5e7a949a8b61f306ff7c66) Importer(2089858483,0ecaa5967403d082aa24f35e1b516d23)
Start importing Assets/SteamVR/InteractionSystem/Samples/JoeJeff/ProceduralHats.cs using Guid(d8c45beb4f5e7a949a8b61f306ff7c66) Importer(2089858483,0ecaa5967403d082aa24f35e1b516d23) Generated GUIDs only implemented for interfaces!
 -> (artifact id: '7120d440e763bb3d06bc7654e40e0a35') in 0.012383 seconds 
========================================================================
Received Import Request.
  Time since last request: 0.000030 seconds.
  path: Assets/SteamVR/InteractionSystem/Samples/JoeJeff/JJHat.fbx
  artifactKey: Guid(b3ac77097923838428fea9044967ced5) Importer(2089858483,0ecaa5967403d082aa24f35e1b516d23)
Start importing Assets/SteamVR/InteractionSystem/Samples/JoeJeff/JJHat.fbx using Guid(b3ac77097923838428fea9044967ced5) Importer(2089858483,0ecaa5967403d082aa24f35e1b516d23) Generated GUIDs only implemented for interfaces!
 -> (artifact id: '64908e69b1311019947caa8493d4b080') in 0.038636 seconds 
========================================================================
Received Import Request.
  Time since last request: 0.000034 seconds.
  path: Assets/SteamVR/InteractionSystem/Samples/Scripts/Planting.cs
  artifactKey: Guid(4390f3b73c731c846a0cc863c72d7a1e) Importer(2089858483,0ecaa5967403d082aa24f35e1b516d23)
Start importing Assets/SteamVR/InteractionSystem/Samples/Scripts/Planting.cs using Guid(4390f3b73c731c846a0cc863c72d7a1e) Importer(2089858483,0ecaa5967403d082aa24f35e1b516d23) Generated GUIDs only implemented for interfaces!
 -> (artifact id: 'a472330a9034ee521b0a0b3ef3fadddb') in 0.011904 seconds 
========================================================================
Received Import Request.
  Time since last request: 0.000023 seconds.
  path: Assets/SteamVR/InteractionSystem/Samples/Prefabs/Button.prefab
  artifactKey: Guid(88075a54c7fb1484ba25db394b612917) Importer(2089858483,0ecaa5967403d082aa24f35e1b516d23)
Start importing Assets/SteamVR/InteractionSystem/Samples/Prefabs/Button.prefab using Guid(88075a54c7fb1484ba25db394b612917) Importer(2089858483,0ecaa5967403d082aa24f35e1b516d23) Generated GUIDs only implemented for interfaces!
 -> (artifact id: '70aa8fdad0d602e6e06506cea3c781c0') in 0.026143 seconds 
========================================================================
Received Import Request.
  Time since last request: 0.000039 seconds.
  path: Assets/SteamVR/InteractionSystem/Samples/Prefabs/Flower.prefab
  artifactKey: Guid(8a2487c189a464148aadc3af2effa7c8) Importer(2089858483,0ecaa5967403d082aa24f35e1b516d23)
Start importing Assets/SteamVR/InteractionSystem/Samples/Prefabs/Flower.prefab using Guid(8a2487c189a464148aadc3af2effa7c8) Importer(2089858483,0ecaa5967403d082aa24f35e1b516d23) Generated GUIDs only implemented for interfaces!
 -> (artifact id: 'd637b10efbdfc68d74c426185a4e234c') in 0.023471 seconds 
========================================================================
Received Import Request.
  Time since last request: 0.000036 seconds.
  path: Assets/SteamVR/InteractionSystem/Samples/Scripts/ControllerHintsExample.cs
  artifactKey: Guid(79e7ef0af37bbcb40ab89c4cc2481018) Importer(2089858483,0ecaa5967403d082aa24f35e1b516d23)
Start importing Assets/SteamVR/InteractionSystem/Samples/Scripts/ControllerHintsExample.cs using Guid(79e7ef0af37bbcb40ab89c4cc2481018) Importer(2089858483,0ecaa5967403d082aa24f35e1b516d23) Generated GUIDs only implemented for interfaces!
 -> (artifact id: '9d53b9c2527fb8bee3bba21467153501') in 0.017951 seconds 
========================================================================
Received Import Request.
  Time since last request: 0.000027 seconds.
  path: Assets/SteamVR/InteractionSystem/Samples/Prefabs/ThrowableBall.prefab
  artifactKey: Guid(e0b086fbb874df143b6ac8f53cea5424) Importer(2089858483,0ecaa5967403d082aa24f35e1b516d23)
Start importing Assets/SteamVR/InteractionSystem/Samples/Prefabs/ThrowableBall.prefab using Guid(e0b086fbb874df143b6ac8f53cea5424) Importer(2089858483,0ecaa5967403d082aa24f35e1b516d23) Generated GUIDs only implemented for interfaces!
 -> (artifact id: '4dcc03a4c4f2d647743e51725cc1632c') in 0.104158 seconds 
========================================================================
Received Import Request.
  Time since last request: 0.000035 seconds.
  path: Assets/SteamVR/InteractionSystem/Samples/Models/simpleRightHandController.controller
  artifactKey: Guid(a336f7ea65c5a2640a7de1bf2893cd05) Importer(2089858483,0ecaa5967403d082aa24f35e1b516d23)
Start importing Assets/SteamVR/InteractionSystem/Samples/Models/simpleRightHandController.controller using Guid(a336f7ea65c5a2640a7de1bf2893cd05) Importer(2089858483,0ecaa5967403d082aa24f35e1b516d23) Generated GUIDs only implemented for interfaces!
 -> (artifact id: 'cfb80d7eafdd7f0b685541ebcd6090b7') in 0.026004 seconds 
========================================================================
Received Import Request.
  Time since last request: 0.000027 seconds.
  path: Assets/SteamVR/InteractionSystem/Samples/Materials/ThrowingTarget.mat
  artifactKey: Guid(374354984cbc08b47ba979c830d8e59d) Importer(2089858483,0ecaa5967403d082aa24f35e1b516d23)
Start importing Assets/SteamVR/InteractionSystem/Samples/Materials/ThrowingTarget.mat using Guid(374354984cbc08b47ba979c830d8e59d) Importer(2089858483,0ecaa5967403d082aa24f35e1b516d23) Generated GUIDs only implemented for interfaces!
 -> (artifact id: '39ae4ac14547d37ffff871f5bbb8923b') in 0.227914 seconds 
========================================================================
Received Import Request.
  Time since last request: 0.000030 seconds.
  path: Assets/SteamVR/InteractionSystem/Samples/Scripts/SkeletonUIOptions.cs
  artifactKey: Guid(48c26627b0786bd489db7ad471de1a5e) Importer(2089858483,0ecaa5967403d082aa24f35e1b516d23)
Start importing Assets/SteamVR/InteractionSystem/Samples/Scripts/SkeletonUIOptions.cs using Guid(48c26627b0786bd489db7ad471de1a5e) Importer(2089858483,0ecaa5967403d082aa24f35e1b516d23) Generated GUIDs only implemented for interfaces!
 -> (artifact id: '2a526941624c293731bd6187a50aea21') in 0.016015 seconds 
========================================================================
Received Import Request.
  Time since last request: 0.000081 seconds.
  path: Assets/SteamVR/InteractionSystem/Teleport/Materials/TeleportPointLocked.mat
  artifactKey: Guid(f855134cdd14ab54fa2838027b3eec2f) Importer(2089858483,0ecaa5967403d082aa24f35e1b516d23)
Start importing Assets/SteamVR/InteractionSystem/Teleport/Materials/TeleportPointLocked.mat using Guid(f855134cdd14ab54fa2838027b3eec2f) Importer(2089858483,0ecaa5967403d082aa24f35e1b516d23) Generated GUIDs only implemented for interfaces!
 -> (artifact id: 'f7e422fac2a65a3faf67e01333ec4b67') in 0.050553 seconds 
========================================================================
Received Import Request.
  Time since last request: 0.000027 seconds.
  path: Assets/SteamVR/InteractionSystem/Teleport/Materials/TeleportPointInvalid.mat
  artifactKey: Guid(75bd1350b322bc149ad4b79c719cb687) Importer(2089858483,0ecaa5967403d082aa24f35e1b516d23)
Start importing Assets/SteamVR/InteractionSystem/Teleport/Materials/TeleportPointInvalid.mat using Guid(75bd1350b322bc149ad4b79c719cb687) Importer(2089858483,0ecaa5967403d082aa24f35e1b516d23) Generated GUIDs only implemented for interfaces!
 -> (artifact id: 'dd4c7aa848553fa2d93da6514e852c05') in 0.075858 seconds 
========================================================================
Received Import Request.
  Time since last request: 0.000028 seconds.
  path: Assets/SteamVR/InteractionSystem/Teleport/Materials/TeleportAreaHighlightedLow.mat
  artifactKey: Guid(ec3dc73cf20a842438065d10e72e1b14) Importer(2089858483,0ecaa5967403d082aa24f35e1b516d23)
Start importing Assets/SteamVR/InteractionSystem/Teleport/Materials/TeleportAreaHighlightedLow.mat using Guid(ec3dc73cf20a842438065d10e72e1b14) Importer(2089858483,0ecaa5967403d082aa24f35e1b516d23) Generated GUIDs only implemented for interfaces!
 -> (artifact id: '0bd99a5cd66d693dadc89d13ac81b0dc') in 0.019845 seconds 
========================================================================
Received Import Request.
  Time since last request: 0.000152 seconds.
  path: Assets/SteamVR/InteractionSystem/Longbow/Sounds/ArrowFireLoop01.wav
  artifactKey: Guid(3eefe61359ea80b469796e4eebb3c81b) Importer(2089858483,0ecaa5967403d082aa24f35e1b516d23)
Start importing Assets/SteamVR/InteractionSystem/Longbow/Sounds/ArrowFireLoop01.wav using Guid(3eefe61359ea80b469796e4eebb3c81b) Importer(2089858483,0ecaa5967403d082aa24f35e1b516d23) Generated GUIDs only implemented for interfaces!
 -> (artifact id: '60a0f55f27d0e20e750d19a4f71567f6') in 0.083186 seconds 
========================================================================
Received Import Request.
  Time since last request: 0.000039 seconds.
  path: Assets/StreamingAssets/SteamVR/binding_vive.json
  artifactKey: Guid(5b94b1d59d33aa545a630a6ff9900e94) Importer(2089858483,0ecaa5967403d082aa24f35e1b516d23)
Start importing Assets/StreamingAssets/SteamVR/binding_vive.json using Guid(5b94b1d59d33aa545a630a6ff9900e94) Importer(2089858483,0ecaa5967403d082aa24f35e1b516d23) Generated GUIDs only implemented for interfaces!
 -> (artifact id: '686d0c1e9183d5d1b3873162726b530e') in 0.016338 seconds 
========================================================================
Received Import Request.
  Time since last request: 0.000045 seconds.
  path: Assets/SteamVR/Input/SteamVR_Input_References.cs
  artifactKey: Guid(4d10323487cb44348b830bc017eb40b4) Importer(2089858483,0ecaa5967403d082aa24f35e1b516d23)
Start importing Assets/SteamVR/Input/SteamVR_Input_References.cs using Guid(4d10323487cb44348b830bc017eb40b4) Importer(2089858483,0ecaa5967403d082aa24f35e1b516d23) Generated GUIDs only implemented for interfaces!
 -> (artifact id: '9be43e82caf3d010720217063c6a9c64') in 0.020182 seconds 
========================================================================
Received Import Request.
  Time since last request: 0.000021 seconds.
  path: Assets/SteamVR/Models/vr_hand_grabposes.fbx
  artifactKey: Guid(5b1b3324d9af1db498a8cb294cc8d274) Importer(2089858483,0ecaa5967403d082aa24f35e1b516d23)
Start importing Assets/SteamVR/Models/vr_hand_grabposes.fbx using Guid(5b1b3324d9af1db498a8cb294cc8d274) Importer(2089858483,0ecaa5967403d082aa24f35e1b516d23) Generated GUIDs only implemented for interfaces!
 -> (artifact id: '1731ed542639af4e753fad420e81dfd7') in 0.197512 seconds 
========================================================================
Received Import Request.
  Time since last request: 0.000036 seconds.
  path: Assets/SteamVR/InteractionSystem/Teleport/Materials URP/URPTeleportAreaHighlightedLow.mat
  artifactKey: Guid(bbd3c57c95ca5934abf56f614110fa53) Importer(2089858483,0ecaa5967403d082aa24f35e1b516d23)
Start importing Assets/SteamVR/InteractionSystem/Teleport/Materials URP/URPTeleportAreaHighlightedLow.mat using Guid(bbd3c57c95ca5934abf56f614110fa53) Importer(2089858483,0ecaa5967403d082aa24f35e1b516d23) Generated GUIDs only implemented for interfaces!
 -> (artifact id: 'f7bb383fcb4bcf2a8608cc21aaa7d0f7') in 0.020383 seconds 
========================================================================
Received Import Request.
  Time since last request: 0.000249 seconds.
  path: Assets/SteamVR/InteractionSystem/Teleport/Scripts/TeleportMarkerBase.cs
  artifactKey: Guid(c6bc348d47e14444f9ca466d8cf06d46) Importer(2089858483,0ecaa5967403d082aa24f35e1b516d23)
Start importing Assets/SteamVR/InteractionSystem/Teleport/Scripts/TeleportMarkerBase.cs using Guid(c6bc348d47e14444f9ca466d8cf06d46) Importer(2089858483,0ecaa5967403d082aa24f35e1b516d23) Generated GUIDs only implemented for interfaces!
 -> (artifact id: 'e49c9e4f1bb8a4dd8e7c7eefbcac98e6') in 0.013209 seconds 
========================================================================
Received Import Request.
  Time since last request: 0.000028 seconds.
  path: Assets/SteamVR/InteractionSystem/Teleport/Scripts/TeleportURPHelper.cs
  artifactKey: Guid(eedfa54ef02254a428194e8de8e14d75) Importer(2089858483,0ecaa5967403d082aa24f35e1b516d23)
Start importing Assets/SteamVR/InteractionSystem/Teleport/Scripts/TeleportURPHelper.cs using Guid(eedfa54ef02254a428194e8de8e14d75) Importer(2089858483,0ecaa5967403d082aa24f35e1b516d23) Generated GUIDs only implemented for interfaces!
 -> (artifact id: 'c1cf633293625ef05e169f31f0259c88') in 0.014368 seconds 
========================================================================
Received Import Request.
  Time since last request: 0.000028 seconds.
  path: Assets/SteamVR/InteractionSystem/Teleport/Materials URP/URPTeleportPlayspaceVisualize.mat
  artifactKey: Guid(ced2760f8133c2743a275ba997adc9db) Importer(2089858483,0ecaa5967403d082aa24f35e1b516d23)
Start importing Assets/SteamVR/InteractionSystem/Teleport/Materials URP/URPTeleportPlayspaceVisualize.mat using Guid(ced2760f8133c2743a275ba997adc9db) Importer(2089858483,0ecaa5967403d082aa24f35e1b516d23) Generated GUIDs only implemented for interfaces!
 -> (artifact id: '1504198316d3624e5ee8ca7bcfee54bd') in 0.019487 seconds 
========================================================================
Received Import Request.
  Time since last request: 0.000027 seconds.
  path: Assets/SteamVR/InteractionSystem/Teleport/Materials/TeleportPointHighlighted.mat
  artifactKey: Guid(f71819766ca687246a2150260bcfc1c5) Importer(2089858483,0ecaa5967403d082aa24f35e1b516d23)
Start importing Assets/SteamVR/InteractionSystem/Teleport/Materials/TeleportPointHighlighted.mat using Guid(f71819766ca687246a2150260bcfc1c5) Importer(2089858483,0ecaa5967403d082aa24f35e1b516d23) Generated GUIDs only implemented for interfaces!
 -> (artifact id: '66cf775160b66c70d30bbd317b04d778') in 0.031451 seconds 
========================================================================
Received Import Request.
  Time since last request: 0.000023 seconds.
  path: Assets/SteamVR/WindowsHelper/SteamVR_Windows_Editor_Helper.cs
  artifactKey: Guid(5162205b778d01647b0d6a2c523b2518) Importer(2089858483,0ecaa5967403d082aa24f35e1b516d23)
Start importing Assets/SteamVR/WindowsHelper/SteamVR_Windows_Editor_Helper.cs using Guid(5162205b778d01647b0d6a2c523b2518) Importer(2089858483,0ecaa5967403d082aa24f35e1b516d23) Generated GUIDs only implemented for interfaces!
 -> (artifact id: '47b800493300486c717a478b25433bd4') in 0.016794 seconds 
========================================================================
Received Import Request.
  Time since last request: 0.000025 seconds.
  path: Assets/SteamVR/InteractionSystem/Teleport/Materials URP/URPTeleportPlaySpace.mat
  artifactKey: Guid(1d3d8159663c8c94cbf05cd6b9d686b6) Importer(2089858483,0ecaa5967403d082aa24f35e1b516d23)
Start importing Assets/SteamVR/InteractionSystem/Teleport/Materials URP/URPTeleportPlaySpace.mat using Guid(1d3d8159663c8c94cbf05cd6b9d686b6) Importer(2089858483,0ecaa5967403d082aa24f35e1b516d23) Generated GUIDs only implemented for interfaces!
 -> (artifact id: 'e22e655c3c0eee8418d720dc2f9fc2d3') in 0.019597 seconds 
========================================================================
Received Import Request.
  Time since last request: 0.000021 seconds.
  path: Assets/SteamVR/InteractionSystem/Samples/Squishy/Squishy.prefab
  artifactKey: Guid(4d7627d70abb4e247b7d958e6634b2f1) Importer(2089858483,0ecaa5967403d082aa24f35e1b516d23)
Start importing Assets/SteamVR/InteractionSystem/Samples/Squishy/Squishy.prefab using Guid(4d7627d70abb4e247b7d958e6634b2f1) Importer(2089858483,0ecaa5967403d082aa24f35e1b516d23) Generated GUIDs only implemented for interfaces!
 -> (artifact id: 'c85a9005ccec53be9030187e337cc8db') in 0.056256 seconds 
========================================================================
Received Import Request.
  Time since last request: 0.000306 seconds.
  path: Assets/SteamVR/InteractionSystem/Samples/Textures/TargetLO_target_AlbedoTransparency.png
  artifactKey: Guid(91b30a893c129cf49b8d020f6fc6a807) Importer(2089858483,0ecaa5967403d082aa24f35e1b516d23)
Start importing Assets/SteamVR/InteractionSystem/Samples/Textures/TargetLO_target_AlbedoTransparency.png using Guid(91b30a893c129cf49b8d020f6fc6a807) Importer(2089858483,0ecaa5967403d082aa24f35e1b516d23) Generated GUIDs only implemented for interfaces!
 -> (artifact id: '4c22234797635047b0039fa7c953e452') in 0.029473 seconds 
========================================================================
Received Import Request.
  Time since last request: 0.000034 seconds.
  path: Assets/SteamVR/InteractionSystem/Samples/Squishy/Squishy.fbx
  artifactKey: Guid(7b2f451dc7f3fad4f8b8342970631a0f) Importer(2089858483,0ecaa5967403d082aa24f35e1b516d23)
Start importing Assets/SteamVR/InteractionSystem/Samples/Squishy/Squishy.fbx using Guid(7b2f451dc7f3fad4f8b8342970631a0f) Importer(2089858483,0ecaa5967403d082aa24f35e1b516d23) Generated GUIDs only implemented for interfaces!
 -> (artifact id: '6eb4c418255fee4cb2eabd2770d87ec3') in 0.048844 seconds 
========================================================================
Received Import Request.
  Time since last request: 0.000030 seconds.
  path: Assets/SteamVR/InteractionSystem/Samples/Scripts/TargetHitEffect.cs
  artifactKey: Guid(037de2161ddbc6f4e96de7dd85ea6686) Importer(2089858483,0ecaa5967403d082aa24f35e1b516d23)
Start importing Assets/SteamVR/InteractionSystem/Samples/Scripts/TargetHitEffect.cs using Guid(037de2161ddbc6f4e96de7dd85ea6686) Importer(2089858483,0ecaa5967403d082aa24f35e1b516d23) Generated GUIDs only implemented for interfaces!
 -> (artifact id: '88e0b7a32bc8b716e8debb854f5ff75f') in 0.015779 seconds 
========================================================================
Received Import Request.
  Time since last request: 0.000143 seconds.
  path: Assets/SteamVR/InteractionSystem/Teleport/Materials/TeleportPlayspaceVisualize.mat
  artifactKey: Guid(e070196015a41bc419ea9e03ba170df5) Importer(2089858483,0ecaa5967403d082aa24f35e1b516d23)
Start importing Assets/SteamVR/InteractionSystem/Teleport/Materials/TeleportPlayspaceVisualize.mat using Guid(e070196015a41bc419ea9e03ba170df5) Importer(2089858483,0ecaa5967403d082aa24f35e1b516d23) Generated GUIDs only implemented for interfaces!
 -> (artifact id: 'b780b2588fc8181ce4e16e2eb25c4660') in 0.021263 seconds 
========================================================================
Received Import Request.
  Time since last request: 0.000029 seconds.
  path: Assets/SteamVR/InteractionSystem/Teleport/Textures/TeleportMarker.psd
  artifactKey: Guid(ebc38d834b57e9d4d992de0a5470615a) Importer(2089858483,0ecaa5967403d082aa24f35e1b516d23)
Start importing Assets/SteamVR/InteractionSystem/Teleport/Textures/TeleportMarker.psd using Guid(ebc38d834b57e9d4d992de0a5470615a) Importer(2089858483,0ecaa5967403d082aa24f35e1b516d23) Generated GUIDs only implemented for interfaces!
 -> (artifact id: '4bdda5f87824ce30e8874da5c59fb954') in 0.036405 seconds 
========================================================================
Received Import Request.
  Time since last request: 0.000025 seconds.
  path: Assets/SteamVR/Input/Editor/Resources/Icons/handmask_Ring.png
  artifactKey: Guid(c3b3083cc66322049822d98fa4c15fd6) Importer(2089858483,0ecaa5967403d082aa24f35e1b516d23)
Start importing Assets/SteamVR/Input/Editor/Resources/Icons/handmask_Ring.png using Guid(c3b3083cc66322049822d98fa4c15fd6) Importer(2089858483,0ecaa5967403d082aa24f35e1b516d23) Generated GUIDs only implemented for interfaces!
 -> (artifact id: '5406c2795b5b7a1277fb102499becad7') in 0.044537 seconds 
========================================================================
Received Import Request.
  Time since last request: 0.000035 seconds.
  path: Assets/SteamVR/InteractionSystem/Samples/BuggyBuddy/Textures/controlerbuggy_LO_BuggyController_AlbedoTransparency.png
  artifactKey: Guid(e97f03e3f9d4c584f991530c7bff882b) Importer(2089858483,0ecaa5967403d082aa24f35e1b516d23)
Start importing Assets/SteamVR/InteractionSystem/Samples/BuggyBuddy/Textures/controlerbuggy_LO_BuggyController_AlbedoTransparency.png using Guid(e97f03e3f9d4c584f991530c7bff882b) Importer(2089858483,0ecaa5967403d082aa24f35e1b516d23) Generated GUIDs only implemented for interfaces!
 -> (artifact id: '6d7c84ef46efb6710ddaf7b32a3f16bb') in 0.041164 seconds 
========================================================================
Received Import Request.
  Time since last request: 0.000043 seconds.
  path: Assets/SteamVR/InteractionSystem/Samples/BuggyBuddy/Materials/laser.mat
  artifactKey: Guid(753a9b80e714a8a43a0c1ff5a89d0bc9) Importer(2089858483,0ecaa5967403d082aa24f35e1b516d23)
Start importing Assets/SteamVR/InteractionSystem/Samples/BuggyBuddy/Materials/laser.mat using Guid(753a9b80e714a8a43a0c1ff5a89d0bc9) Importer(2089858483,0ecaa5967403d082aa24f35e1b516d23) Generated GUIDs only implemented for interfaces!
 -> (artifact id: '7ed12f74bbf336cdee5eac2aa9b7b068') in 0.013888 seconds 
========================================================================
Received Import Request.
  Time since last request: 0.000029 seconds.
  path: Assets/SteamVR/InteractionSystem/Samples/BuggyBuddy/Textures/controlerbuggy_LO_BuggyController_Emission.png
  artifactKey: Guid(4e003c622c1d9a6408f4d90438aa389a) Importer(2089858483,0ecaa5967403d082aa24f35e1b516d23)
Start importing Assets/SteamVR/InteractionSystem/Samples/BuggyBuddy/Textures/controlerbuggy_LO_BuggyController_Emission.png using Guid(4e003c622c1d9a6408f4d90438aa389a) Importer(2089858483,0ecaa5967403d082aa24f35e1b516d23) Generated GUIDs only implemented for interfaces!
 -> (artifact id: '875c6c55c739c9e495442ee9fde81136') in 0.026871 seconds 
========================================================================
Received Import Request.
  Time since last request: 0.000030 seconds.
  path: Assets/SteamVR/Input/Editor/Resources/Icons/handmask_Palm.png
  artifactKey: Guid(e0a60ab44553a7f4ca994dec64351d08) Importer(2089858483,0ecaa5967403d082aa24f35e1b516d23)
Start importing Assets/SteamVR/Input/Editor/Resources/Icons/handmask_Palm.png using Guid(e0a60ab44553a7f4ca994dec64351d08) Importer(2089858483,0ecaa5967403d082aa24f35e1b516d23) Generated GUIDs only implemented for interfaces!
 -> (artifact id: 'd2fb4148374eaab25cc42cbfb0d23c8a') in 0.039778 seconds 
========================================================================
Received Import Request.
  Time since last request: 0.000020 seconds.
  path: Assets/SteamVR/Input/Editor/Resources/Icons/handmask_Index.png
  artifactKey: Guid(2c4294febb4dfe54d98c37083da7a639) Importer(2089858483,0ecaa5967403d082aa24f35e1b516d23)
Start importing Assets/SteamVR/Input/Editor/Resources/Icons/handmask_Index.png using Guid(2c4294febb4dfe54d98c37083da7a639) Importer(2089858483,0ecaa5967403d082aa24f35e1b516d23) Generated GUIDs only implemented for interfaces!
 -> (artifact id: '0345ef963ad1e3391f97ea447a9466f0') in 0.034955 seconds 
========================================================================
Received Import Request.
  Time since last request: 0.000033 seconds.
  path: Assets/SteamVR/Input/Editor/Resources/Icons/handmask_Thumb.png
  artifactKey: Guid(764dada5864e19440bb07e24e684e950) Importer(2089858483,0ecaa5967403d082aa24f35e1b516d23)
Start importing Assets/SteamVR/Input/Editor/Resources/Icons/handmask_Thumb.png using Guid(764dada5864e19440bb07e24e684e950) Importer(2089858483,0ecaa5967403d082aa24f35e1b516d23) Generated GUIDs only implemented for interfaces!
 -> (artifact id: 'c1dcd16d69356802bcb4948ef00dc4e9') in 0.041151 seconds 
========================================================================
Received Import Request.
  Time since last request: 0.000026 seconds.
  path: Assets/SteamVR/InteractionSystem/Samples/Grenade/Materials/Nade.mat
  artifactKey: Guid(eb837f621778eb443be0269b165d237b) Importer(2089858483,0ecaa5967403d082aa24f35e1b516d23)
Start importing Assets/SteamVR/InteractionSystem/Samples/Grenade/Materials/Nade.mat using Guid(eb837f621778eb443be0269b165d237b) Importer(2089858483,0ecaa5967403d082aa24f35e1b516d23) Generated GUIDs only implemented for interfaces!
 -> (artifact id: '8fed1b8359d38d30ad2b3d69e8872339') in 0.019935 seconds 
========================================================================
Received Import Request.
  Time since last request: 0.000029 seconds.
  path: Assets/SteamVR/InteractionSystem/Samples/BuggyBuddy/Materials/skidDust.mat
  artifactKey: Guid(45d09ea4c61aed440b7a87114d4b9233) Importer(2089858483,0ecaa5967403d082aa24f35e1b516d23)
Start importing Assets/SteamVR/InteractionSystem/Samples/BuggyBuddy/Materials/skidDust.mat using Guid(45d09ea4c61aed440b7a87114d4b9233) Importer(2089858483,0ecaa5967403d082aa24f35e1b516d23) Generated GUIDs only implemented for interfaces!
 -> (artifact id: 'cef112037544b52abe6976d697387a3f') in 0.013643 seconds 
========================================================================
Received Import Request.
  Time since last request: 0.000041 seconds.
  path: Assets/SteamVR/Input/Editor/Resources/Icons/handmask.png
  artifactKey: Guid(d1f34261d4655bc4cb5413868ae9bee2) Importer(2089858483,0ecaa5967403d082aa24f35e1b516d23)
Start importing Assets/SteamVR/Input/Editor/Resources/Icons/handmask.png using Guid(d1f34261d4655bc4cb5413868ae9bee2) Importer(2089858483,0ecaa5967403d082aa24f35e1b516d23) Generated GUIDs only implemented for interfaces!
 -> (artifact id: 'f0dd513b6cd46086864fddce485d0748') in 0.039027 seconds 
========================================================================
Received Import Request.
  Time since last request: 0.000029 seconds.
  path: Assets/SteamVR/InteractionSystem/Samples/BuggyBuddy/Materials/unnamed.mat
  artifactKey: Guid(14ed578262aab0047a2bf66c3949d2eb) Importer(2089858483,0ecaa5967403d082aa24f35e1b516d23)
Start importing Assets/SteamVR/InteractionSystem/Samples/BuggyBuddy/Materials/unnamed.mat using Guid(14ed578262aab0047a2bf66c3949d2eb) Importer(2089858483,0ecaa5967403d082aa24f35e1b516d23) Generated GUIDs only implemented for interfaces!
 -> (artifact id: 'dab4540edd07ee466f5614c1c6483fb9') in 0.016579 seconds 
========================================================================
Received Import Request.
  Time since last request: 0.000069 seconds.
  path: Assets/SteamVR/InteractionSystem/Samples/BuggyBuddy/Textures/controlerbuggy_LO_BuggyController_MetallicSmoothness.png
  artifactKey: Guid(f953b4ec1bb0a834cadc594cf2a5bca0) Importer(2089858483,0ecaa5967403d082aa24f35e1b516d23)
Start importing Assets/SteamVR/InteractionSystem/Samples/BuggyBuddy/Textures/controlerbuggy_LO_BuggyController_MetallicSmoothness.png using Guid(f953b4ec1bb0a834cadc594cf2a5bca0) Importer(2089858483,0ecaa5967403d082aa24f35e1b516d23) Generated GUIDs only implemented for interfaces!
 -> (artifact id: '31d8d41420dd62fb84b3fbd301a34df6') in 0.027102 seconds 
========================================================================
Received Import Request.
  Time since last request: 0.000016 seconds.
  path: Assets/SteamVR/InteractionSystem/Samples/Textures/TargetLO_target_MetallicSmoothness.png
  artifactKey: Guid(8c0dfeb7a8494f841b73f102f41f966a) Importer(2089858483,0ecaa5967403d082aa24f35e1b516d23)
Start importing Assets/SteamVR/InteractionSystem/Samples/Textures/TargetLO_target_MetallicSmoothness.png using Guid(8c0dfeb7a8494f841b73f102f41f966a) Importer(2089858483,0ecaa5967403d082aa24f35e1b516d23) Generated GUIDs only implemented for interfaces!
 -> (artifact id: 'd8e06de02cd7a40da5416d3b9375ee22') in 0.033053 seconds 
========================================================================
Received Import Request.
  Time since last request: 0.000030 seconds.
  path: Assets/SteamVR/InteractionSystem/Samples/JoeJeff/Textures/PlatformController_PController_Normal.png
  artifactKey: Guid(531b4709e0c844a4ea44d140478c731f) Importer(2089858483,0ecaa5967403d082aa24f35e1b516d23)
Start importing Assets/SteamVR/InteractionSystem/Samples/JoeJeff/Textures/PlatformController_PController_Normal.png using Guid(531b4709e0c844a4ea44d140478c731f) Importer(2089858483,0ecaa5967403d082aa24f35e1b516d23) Generated GUIDs only implemented for interfaces!
 -> (artifact id: '2c02da7e81ab5f8ab1bc32d020cf024d') in 0.029762 seconds 
========================================================================
Received Import Request.
  Time since last request: 0.000034 seconds.
  path: Assets/SteamVR/InteractionSystem/Samples/Models/Materials/unnamed.mat
  artifactKey: Guid(21caec5e9129c334db1cc10e5cb06a88) Importer(2089858483,0ecaa5967403d082aa24f35e1b516d23)
Start importing Assets/SteamVR/InteractionSystem/Samples/Models/Materials/unnamed.mat using Guid(21caec5e9129c334db1cc10e5cb06a88) Importer(2089858483,0ecaa5967403d082aa24f35e1b516d23) Generated GUIDs only implemented for interfaces!
 -> (artifact id: '01406b929ac7e3647d93fb4c5a2b5d38') in 0.020698 seconds 
========================================================================
Received Import Request.
  Time since last request: 0.000036 seconds.
  path: Assets/SteamVR/InteractionSystem/Samples/JoeJeff/Textures/JoeJeff_MetallicSmoothness.png
  artifactKey: Guid(96bd2760927f90943b0441b2127b5a51) Importer(2089858483,0ecaa5967403d082aa24f35e1b516d23)
Start importing Assets/SteamVR/InteractionSystem/Samples/JoeJeff/Textures/JoeJeff_MetallicSmoothness.png using Guid(96bd2760927f90943b0441b2127b5a51) Importer(2089858483,0ecaa5967403d082aa24f35e1b516d23) Generated GUIDs only implemented for interfaces!
 -> (artifact id: '0078f523d1d4ab760dc245c133f8f89e') in 0.027296 seconds 
========================================================================
Received Import Request.
  Time since last request: 0.000041 seconds.
  path: Assets/SteamVR/InteractionSystem/Samples/JoeJeff/Animator/JoeJeff.controller
  artifactKey: Guid(e2cf68ff4b1ffda45a77f7307dd789b9) Importer(2089858483,0ecaa5967403d082aa24f35e1b516d23)
Start importing Assets/SteamVR/InteractionSystem/Samples/JoeJeff/Animator/JoeJeff.controller using Guid(e2cf68ff4b1ffda45a77f7307dd789b9) Importer(2089858483,0ecaa5967403d082aa24f35e1b516d23) Generated GUIDs only implemented for interfaces!
 -> (artifact id: 'bf322845158272333a03f8706d7a3930') in 0.040396 seconds 
========================================================================
Received Import Request.
  Time since last request: 0.000041 seconds.
  path: Assets/SteamVR/InteractionSystem/Samples/JoeJeff/Textures/PlatformController_PController_AlbedoTransparency.png
  artifactKey: Guid(5507e8f20e632b845b4aea2c27a0c225) Importer(2089858483,0ecaa5967403d082aa24f35e1b516d23)
Start importing Assets/SteamVR/InteractionSystem/Samples/JoeJeff/Textures/PlatformController_PController_AlbedoTransparency.png using Guid(5507e8f20e632b845b4aea2c27a0c225) Importer(2089858483,0ecaa5967403d082aa24f35e1b516d23) Generated GUIDs only implemented for interfaces!
 -> (artifact id: '0af99f262a96dbf1ac1d5b6c679605f2') in 0.031167 seconds 
========================================================================
Received Import Request.
  Time since last request: 0.000025 seconds.
  path: Assets/SteamVR/InteractionSystem/Samples/JoeJeff/Animation/HumanoidWalkTurn.fbx
  artifactKey: Guid(1c52c953c83c2254a9fa72d50250f028) Importer(2089858483,0ecaa5967403d082aa24f35e1b516d23)
Start importing Assets/SteamVR/InteractionSystem/Samples/JoeJeff/Animation/HumanoidWalkTurn.fbx using Guid(1c52c953c83c2254a9fa72d50250f028) Importer(2089858483,0ecaa5967403d082aa24f35e1b516d23) Generated GUIDs only implemented for interfaces!
 -> (artifact id: '8d660cda8e2c8d3923ea533d258e9fc4') in 0.080391 seconds 
========================================================================
Received Import Request.
  Time since last request: 0.000028 seconds.
  path: Assets/SteamVR/InteractionSystem/Samples/Models/Materials/fabric 1.mat
  artifactKey: Guid(be0b1dee5fea4ea40909e542a9a5fb16) Importer(2089858483,0ecaa5967403d082aa24f35e1b516d23)
Start importing Assets/SteamVR/InteractionSystem/Samples/Models/Materials/fabric 1.mat using Guid(be0b1dee5fea4ea40909e542a9a5fb16) Importer(2089858483,0ecaa5967403d082aa24f35e1b516d23) Generated GUIDs only implemented for interfaces!
 -> (artifact id: '9deaa0fcbfc9a00a31f9b4def7568dac') in 0.019564 seconds 
========================================================================
Received Import Request.
  Time since last request: 0.000026 seconds.
  path: Assets/SteamVR/InteractionSystem/Samples/Models/Materials/Furniture_Normal.png
  artifactKey: Guid(c595edc746c897e4e888f1cf26421a05) Importer(2089858483,0ecaa5967403d082aa24f35e1b516d23)
Start importing Assets/SteamVR/InteractionSystem/Samples/Models/Materials/Furniture_Normal.png using Guid(c595edc746c897e4e888f1cf26421a05) Importer(2089858483,0ecaa5967403d082aa24f35e1b516d23) Generated GUIDs only implemented for interfaces!
 -> (artifact id: 'f283e259587b5f7c6c7cc188e04ca709') in 0.038220 seconds 
========================================================================
Received Import Request.
  Time since last request: 0.000031 seconds.
  path: Assets/SteamVR/InteractionSystem/Samples/JoeJeff/Textures/JoeJeff_AlbedoTransparency.png
  artifactKey: Guid(4c2ebb3f4fad59f479171438f7b76cf4) Importer(2089858483,0ecaa5967403d082aa24f35e1b516d23)
Start importing Assets/SteamVR/InteractionSystem/Samples/JoeJeff/Textures/JoeJeff_AlbedoTransparency.png using Guid(4c2ebb3f4fad59f479171438f7b76cf4) Importer(2089858483,0ecaa5967403d082aa24f35e1b516d23) Generated GUIDs only implemented for interfaces!
 -> (artifact id: 'eccfac89c439cad4f73b35aac2394b4b') in 0.034752 seconds 
========================================================================
Received Import Request.
  Time since last request: 0.000040 seconds.
  path: Assets/SteamVR/InteractionSystem/Samples/Models/Materials/weird table.mat
  artifactKey: Guid(d07127d506ba1204e94715378a104735) Importer(2089858483,0ecaa5967403d082aa24f35e1b516d23)
Start importing Assets/SteamVR/InteractionSystem/Samples/Models/Materials/weird table.mat using Guid(d07127d506ba1204e94715378a104735) Importer(2089858483,0ecaa5967403d082aa24f35e1b516d23) Generated GUIDs only implemented for interfaces!
 -> (artifact id: '2cb795f4343590c2f0479a8e91d9c936') in 0.036104 seconds 
========================================================================
Received Import Request.
  Time since last request: 0.000024 seconds.
  path: Assets/SteamVR/InteractionSystem/Teleport/Materials/TeleportPointer.mat
  artifactKey: Guid(140bd0e59d9bee94f9f0284c9eef5b32) Importer(2089858483,0ecaa5967403d082aa24f35e1b516d23)
Start importing Assets/SteamVR/InteractionSystem/Teleport/Materials/TeleportPointer.mat using Guid(140bd0e59d9bee94f9f0284c9eef5b32) Importer(2089858483,0ecaa5967403d082aa24f35e1b516d23) Generated GUIDs only implemented for interfaces!
 -> (artifact id: '6aac99e5bce70cebf07532625e2fe213') in 0.017830 seconds 
========================================================================
Received Import Request.
  Time since last request: 0.000019 seconds.
  path: Assets/SteamVR/InteractionSystem/Samples/BuggyBuddy/UI/BuggyUI/steering.png
  artifactKey: Guid(91b480a4153c3a549ac9da4a987977e7) Importer(2089858483,0ecaa5967403d082aa24f35e1b516d23)
Start importing Assets/SteamVR/InteractionSystem/Samples/BuggyBuddy/UI/BuggyUI/steering.png using Guid(91b480a4153c3a549ac9da4a987977e7) Importer(2089858483,0ecaa5967403d082aa24f35e1b516d23) Generated GUIDs only implemented for interfaces!
 -> (artifact id: '2c2f0c458bc848cec35ebb7747bd71c3') in 0.028673 seconds 
========================================================================
Received Import Request.
  Time since last request: 0.000105 seconds.
  path: Assets/SteamVR/InteractionSystem/Samples/BuggyBuddy/Textures/dusty/wg_dust_particles_11.png
  artifactKey: Guid(a742eafd25923234ca4d16db1a12aec7) Importer(2089858483,0ecaa5967403d082aa24f35e1b516d23)
Start importing Assets/SteamVR/InteractionSystem/Samples/BuggyBuddy/Textures/dusty/wg_dust_particles_11.png using Guid(a742eafd25923234ca4d16db1a12aec7) Importer(2089858483,0ecaa5967403d082aa24f35e1b516d23) Generated GUIDs only implemented for interfaces!
 -> (artifact id: '12482d9480ffbe42d7b9ffb80eae5233') in 0.033517 seconds 
========================================================================
Received Import Request.
  Time since last request: 0.000031 seconds.
  path: Assets/SteamVR/InteractionSystem/Teleport/Models/TeleportMarker.fbx
  artifactKey: Guid(0e96081d793e1994086123e2505bcc0e) Importer(2089858483,0ecaa5967403d082aa24f35e1b516d23)
Start importing Assets/SteamVR/InteractionSystem/Teleport/Models/TeleportMarker.fbx using Guid(0e96081d793e1994086123e2505bcc0e) Importer(2089858483,0ecaa5967403d082aa24f35e1b516d23) Generated GUIDs only implemented for interfaces!
 -> (artifact id: 'ac0b92d8c74d16a430910d4d3376da57') in 0.069023 seconds 
========================================================================
Received Import Request.
  Time since last request: 0.000033 seconds.
  path: Assets/SteamVR/InteractionSystem/Samples/BuggyBuddy/Audio/Idle_loop.wav
  artifactKey: Guid(3ee1fc95c2ea4134fa1e8af41ac81b01) Importer(2089858483,0ecaa5967403d082aa24f35e1b516d23)
Start importing Assets/SteamVR/InteractionSystem/Samples/BuggyBuddy/Audio/Idle_loop.wav using Guid(3ee1fc95c2ea4134fa1e8af41ac81b01) Importer(2089858483,0ecaa5967403d082aa24f35e1b516d23) Generated GUIDs only implemented for interfaces!
 -> (artifact id: 'e4bbc6f1f60147fd3c71cab7c75093a8') in 0.115184 seconds 
========================================================================
Received Import Request.
  Time since last request: 0.000248 seconds.
  path: Assets/SteamVR/InteractionSystem/Samples/BuggyBuddy/Materials/BuggyController__Controller.mat
  artifactKey: Guid(4408e8645ee827345aa56eee531f96e5) Importer(2089858483,0ecaa5967403d082aa24f35e1b516d23)
Start importing Assets/SteamVR/InteractionSystem/Samples/BuggyBuddy/Materials/BuggyController__Controller.mat using Guid(4408e8645ee827345aa56eee531f96e5) Importer(2089858483,0ecaa5967403d082aa24f35e1b516d23) Generated GUIDs only implemented for interfaces!
 -> (artifact id: 'b45924cf4bf59418fb5592cf9279e057') in 0.019236 seconds 
========================================================================
Received Import Request.
  Time since last request: 0.000028 seconds.
  path: Assets/SteamVR/InteractionSystem/Longbow/Sounds/ArrowHit06.wav
  artifactKey: Guid(6e984feb46a04284e8c6ce4ebfd791d0) Importer(2089858483,0ecaa5967403d082aa24f35e1b516d23)
Start importing Assets/SteamVR/InteractionSystem/Longbow/Sounds/ArrowHit06.wav using Guid(6e984feb46a04284e8c6ce4ebfd791d0) Importer(2089858483,0ecaa5967403d082aa24f35e1b516d23) Generated GUIDs only implemented for interfaces!
 -> (artifact id: '0fe65ab68bc52457cf58849f5e224f88') in 0.069703 seconds 
========================================================================
Received Import Request.
  Time since last request: 0.000091 seconds.
  path: Assets/SteamVR/Input/SteamVR_Action_Out.cs
  artifactKey: Guid(9432398566c5b434685df0ceda0c736f) Importer(2089858483,0ecaa5967403d082aa24f35e1b516d23)
Start importing Assets/SteamVR/Input/SteamVR_Action_Out.cs using Guid(9432398566c5b434685df0ceda0c736f) Importer(2089858483,0ecaa5967403d082aa24f35e1b516d23) Generated GUIDs only implemented for interfaces!
 -> (artifact id: '8acaea75c44d7a61a2c8c40f2f1acdb7') in 0.020431 seconds 
========================================================================
Received Import Request.
  Time since last request: 0.000042 seconds.
  path: Assets/StreamingAssets/SteamVR/binding_holographic_hmd.json
  artifactKey: Guid(fb5b5d659fe9c6549a495f05a17fbbb4) Importer(2089858483,0ecaa5967403d082aa24f35e1b516d23)
Start importing Assets/StreamingAssets/SteamVR/binding_holographic_hmd.json using Guid(fb5b5d659fe9c6549a495f05a17fbbb4) Importer(2089858483,0ecaa5967403d082aa24f35e1b516d23) Generated GUIDs only implemented for interfaces!
 -> (artifact id: '0bb4e78d15422ff3231e6eae8ac4c73b') in 0.010792 seconds 
========================================================================
Received Import Request.
  Time since last request: 0.000027 seconds.
  path: Assets/SteamVR/Scripts/SteamVR_IK.cs
  artifactKey: Guid(ea22dba3baf2ecc4d886bf2444444228) Importer(2089858483,0ecaa5967403d082aa24f35e1b516d23)
Start importing Assets/SteamVR/Scripts/SteamVR_IK.cs using Guid(ea22dba3baf2ecc4d886bf2444444228) Importer(2089858483,0ecaa5967403d082aa24f35e1b516d23) Generated GUIDs only implemented for interfaces!
 -> (artifact id: '32c71a96be0dce4cbf98f93bd1d3e0f5') in 0.017129 seconds 
========================================================================
Received Import Request.
  Time since last request: 0.000177 seconds.
  path: Assets/SteamVR/Input/Editor/SteamVR_Input_Generator.cs
  artifactKey: Guid(dcf3113e82474c541960a24c222f07b3) Importer(2089858483,0ecaa5967403d082aa24f35e1b516d23)
Start importing Assets/SteamVR/Input/Editor/SteamVR_Input_Generator.cs using Guid(dcf3113e82474c541960a24c222f07b3) Importer(2089858483,0ecaa5967403d082aa24f35e1b516d23) Generated GUIDs only implemented for interfaces!
 -> (artifact id: '68bd4d00150c5d3f72390e3853225cca') in 0.015933 seconds 
========================================================================
Received Import Request.
  Time since last request: 0.000035 seconds.
  path: Assets/XR/Settings/Windows MR Package Settings.asset
  artifactKey: Guid(dc5a169419fa04987b057f65238cf3ba) Importer(2089858483,0ecaa5967403d082aa24f35e1b516d23)
Start importing Assets/XR/Settings/Windows MR Package Settings.asset using Guid(dc5a169419fa04987b057f65238cf3ba) Importer(2089858483,0ecaa5967403d082aa24f35e1b516d23) Generated GUIDs only implemented for interfaces!
 -> (artifact id: '4482f18669119ea1bda934b02e61ec36') in 0.026284 seconds 
========================================================================
Received Import Request.
  Time since last request: 0.000048 seconds.
  path: Assets/SteamVR/Input/SteamVR_Input_Generator_Names.cs
  artifactKey: Guid(1178c003dbad4854a932b7bc84000ed5) Importer(2089858483,0ecaa5967403d082aa24f35e1b516d23)
Start importing Assets/SteamVR/Input/SteamVR_Input_Generator_Names.cs using Guid(1178c003dbad4854a932b7bc84000ed5) Importer(2089858483,0ecaa5967403d082aa24f35e1b516d23) Generated GUIDs only implemented for interfaces!
 -> (artifact id: '731baf3ef123f2a19aa3833e42044558') in 0.020629 seconds 
========================================================================
Received Import Request.
  Time since last request: 0.000198 seconds.
  path: Assets/SteamVR/InteractionSystem/Longbow/Sounds/ArrowNock09.wav
  artifactKey: Guid(8f094810949516a41a720a40a87d29cc) Importer(2089858483,0ecaa5967403d082aa24f35e1b516d23)
Start importing Assets/SteamVR/InteractionSystem/Longbow/Sounds/ArrowNock09.wav using Guid(8f094810949516a41a720a40a87d29cc) Importer(2089858483,0ecaa5967403d082aa24f35e1b516d23) Generated GUIDs only implemented for interfaces!
 -> (artifact id: '3e7cafbee6b6da5bdb5fd09fee8f55b2') in 0.092413 seconds 
========================================================================
Received Import Request.
  Time since last request: 0.000029 seconds.
  path: Assets/SteamVR/InteractionSystem/Teleport/Materials URP/URPTeleportAreaLocked.mat
  artifactKey: Guid(0fe9e4228ebb3bc469ead815cd305d91) Importer(2089858483,0ecaa5967403d082aa24f35e1b516d23)
Start importing Assets/SteamVR/InteractionSystem/Teleport/Materials URP/URPTeleportAreaLocked.mat using Guid(0fe9e4228ebb3bc469ead815cd305d91) Importer(2089858483,0ecaa5967403d082aa24f35e1b516d23) Generated GUIDs only implemented for interfaces!
 -> (artifact id: 'f6cf4815ffa0670f2a99d6120f219ea7') in 0.022869 seconds 
========================================================================
Received Import Request.
  Time since last request: 0.000029 seconds.
  path: Assets/XR/Loaders/Windows MR Loader.asset
  artifactKey: Guid(df5f618d6a3a64d0c89b2ac2bc89285e) Importer(2089858483,0ecaa5967403d082aa24f35e1b516d23)
Start importing Assets/XR/Loaders/Windows MR Loader.asset using Guid(df5f618d6a3a64d0c89b2ac2bc89285e) Importer(2089858483,0ecaa5967403d082aa24f35e1b516d23) Generated GUIDs only implemented for interfaces!
 -> (artifact id: 'df60cc781866848405c72ff32d311b8e') in 0.016328 seconds 
========================================================================
Received Import Request.
  Time since last request: 0.000250 seconds.
  path: Assets/SteamVR/InteractionSystem/Teleport/Materials/TeleportAreaVisibleBright.mat
  artifactKey: Guid(f2d37238fea5a8c4a86c80912b379030) Importer(2089858483,0ecaa5967403d082aa24f35e1b516d23)
Start importing Assets/SteamVR/InteractionSystem/Teleport/Materials/TeleportAreaVisibleBright.mat using Guid(f2d37238fea5a8c4a86c80912b379030) Importer(2089858483,0ecaa5967403d082aa24f35e1b516d23) Generated GUIDs only implemented for interfaces!
 -> (artifact id: 'dec3ea5fd21116c1eeda35fd06ef96dd') in 0.021352 seconds 
========================================================================
Received Import Request.
  Time since last request: 0.017910 seconds.
  path: Assets/SteamVR/Extras/SteamVR_TestThrow.unity
  artifactKey: Guid(0d936163b5e9a5047b5e4ba5afaf5126) Importer(815301076,1909f56bfc062723c751e8b465ee728b)
Start importing Assets/SteamVR/Extras/SteamVR_TestThrow.unity using Guid(0d936163b5e9a5047b5e4ba5afaf5126) Importer(815301076,1909f56bfc062723c751e8b465ee728b)  -> (artifact id: '8a2042f67b402da80e0b4c3381449c9b') in 0.006101 seconds 
========================================================================
Received Import Request.
  Time since last request: 6.152649 seconds.
  path: Assets/SteamVR/Extras/SteamVR_TestIK.unity
  artifactKey: Guid(4b6669fb4e4df9c48926f02b694be9d1) Importer(815301076,1909f56bfc062723c751e8b465ee728b)
Start importing Assets/SteamVR/Extras/SteamVR_TestIK.unity using Guid(4b6669fb4e4df9c48926f02b694be9d1) Importer(815301076,1909f56bfc062723c751e8b465ee728b)  -> (artifact id: '2b41b274383f2cf0c586d215e018d351') in 0.006322 seconds 
========================================================================
Received Import Request.
  Time since last request: 1.980106 seconds.
  path: Assets/SteamVR/Extras/SteamVR_ShowTrackingReferences.unity
  artifactKey: Guid(73743b10c3912094a8a17bc7ac370c15) Importer(815301076,1909f56bfc062723c751e8b465ee728b)
Start importing Assets/SteamVR/Extras/SteamVR_ShowTrackingReferences.unity using Guid(73743b10c3912094a8a17bc7ac370c15) Importer(815301076,1909f56bfc062723c751e8b465ee728b)  -> (artifact id: 'e681c4c9ca1393eddb7754d0707b770c') in 0.006303 seconds 
========================================================================
Received Prepare
Refreshing native plugins compatible for Editor in 18.09 ms, found 3 plugins.
Preloading 0 native plugins for Editor in 0.00 ms.
Unloading 19 Unused Serialized files (Serialized files now loaded: 0)
Unloading 23 unused Assets / (103.4 KB). Loaded Objects now: 4094.
Memory consumption went from 73.4 MB to 73.2 MB.
Total: 31.579800 ms (FindLiveObjects: 1.853300 ms CreateObjectMapping: 1.103300 ms MarkObjects: 28.090100 ms  DeleteObjects: 0.531900 ms)

AssetImportParameters requested are different than current active one (requested -> active):
  custom:video-decoder-ogg-theora: a1e56fd34408186e4bbccfd4996cb3dc -> 
  custom:container-muxer-webm: aa71ff27fc2769a1b78a27578f13a17b -> 
  custom:container-demuxer-webm: 4f35f7cbe854078d1ac9338744f61a02 -> 
  custom:video-encoder-webm-vp8: eb34c28f22e8b96e1ab97ce403110664 -> 
  custom:audio-encoder-webm-vorbis: bf7c407c2cedff20999df2af8eb42d56 -> 
  custom:framework-win-MediaFoundation: 216162199b28c13a410421893ffa2e32 -> 
  custom:SearchIndexIgnoredProperties: e643bd26f0fe6173181afceb89e7c659 -> 
  custom:container-demuxer-ogg: 62fdf1f143b41e24485cea50d1cbac27 -> 
  custom:video-decoder-webm-vp8: 9c59270c3fd7afecdb556c50c9e8de78 -> 
  custom:audio-decoder-ogg-vorbis: bf7c407c2cedff20999df2af8eb42d56 -> 
========================================================================
Received Import Request.
  Time since last request: 35.724130 seconds.
  path: Assets/SteamVR/Extras/SteamVR_LaserPointer.unity
  artifactKey: Guid(f2343db151bc3864e9088f8e4230cdc1) Importer(815301076,1909f56bfc062723c751e8b465ee728b)
Start importing Assets/SteamVR/Extras/SteamVR_LaserPointer.unity using Guid(f2343db151bc3864e9088f8e4230cdc1) Importer(815301076,1909f56bfc062723c751e8b465ee728b)  -> (artifact id: 'f1cca8c84e6c5263a5207ec86f4e4775') in 0.007216 seconds 
========================================================================
Received Import Request.
  Time since last request: 3.395173 seconds.
  path: Assets/SteamVR/Extras/SteamVR_ForceSteamVRMode.unity
  artifactKey: Guid(9b1775e13a163e146930422a18e54bfc) Importer(815301076,1909f56bfc062723c751e8b465ee728b)
Start importing Assets/SteamVR/Extras/SteamVR_ForceSteamVRMode.unity using Guid(9b1775e13a163e146930422a18e54bfc) Importer(815301076,1909f56bfc062723c751e8b465ee728b)  -> (artifact id: 'c4331e6499399438432c4ba79da81a6a') in 0.007774 seconds 
========================================================================
Received Import Request.
  Time since last request: 9.843462 seconds.
  path: Assets/SteamVR/Simple Sample.unity
  artifactKey: Guid(55f0e497bac1408458ff9dcebe0b775a) Importer(815301076,1909f56bfc062723c751e8b465ee728b)
Start importing Assets/SteamVR/Simple Sample.unity using Guid(55f0e497bac1408458ff9dcebe0b775a) Importer(815301076,1909f56bfc062723c751e8b465ee728b)  -> (artifact id: '41c3db567cf660c5be6164a267cd5eb3') in 0.006127 seconds 
========================================================================
Received Import Request.
  Time since last request: 3.781576 seconds.
  path: Assets/SteamVR/InteractionSystem/Samples/Interactions_Example.unity
  artifactKey: Guid(e3b77830391f10343929883b18f4d5ae) Importer(815301076,1909f56bfc062723c751e8b465ee728b)
Start importing Assets/SteamVR/InteractionSystem/Samples/Interactions_Example.unity using Guid(e3b77830391f10343929883b18f4d5ae) Importer(815301076,1909f56bfc062723c751e8b465ee728b)  -> (artifact id: '5a1a177061e899df1f66431f512641af') in 0.011128 seconds 
